

致命错误:  Unhandled Access Violation Reading 0x0000 Exception at 717C7F83h

07/15/2021 at 21:54:11.000  图形: C:\Users\00\Desktop\2013年宝矿计划工程位置.dwg
-------------
-------------
  图形: Drawing1.dwg
-------------


内部错误:  !dbobji.cpp@6762: eNotOpenForWrite

08/17/2018 at 20:59:55.874  图形: Drawing1.dwg
-------------


内部错误:  !dbobji.cpp@6762: eNotOpenForWrite

08/17/2018 at 21:14:54.132  图形: Drawing1.dwg
-------------


内部错误:  !dbobji.cpp@6762: eNotOpenForWrite

08/18/2018 at 10:41:16.448  图形: Drawing1.dwg
-------------


内部错误:  !dbobji.cpp@6762: eNotOpenForWrite

08/18/2018 at 10:43:10.036  图形: Drawing1.dwg
-------------


致命错误:  Unhandled Access Violation Reading 0x0000 Exception at afb6bc4h

08/21/2018 at 14:41:16.753  图形: C:\Users\wh0is\Desktop\test.dwg
-------------


致命错误:  Unhandled Access Violation Reading 0x0000 Exception at 13718414h

08/21/2018 at 14:41:57.299  图形: C:\Users\wh0is\Desktop\test.dwg
-------------


致命错误:  Unhandled Access Violation Reading 0x0000 Exception at 140f7fc4h

08/21/2018 at 14:45:22.575  图形: C:\Users\wh0is\Desktop\test.dwg
-------------


致命错误:  Unhandled Access Violation Reading 0x0000 Exception at 126b6acdh

08/21/2018 at 14:45:49.148  图形: C:\Users\wh0is\Desktop\test.dwg
-------------


致命错误:  Unhandled Access Violation Reading 0x0000 Exception at 13707fc4h

08/21/2018 at 14:47:47.284  图形: C:\Users\wh0is\Desktop\test.dwg
-------------


致命错误:  Unhandled Access Violation Reading 0x0000 Exception at e7f7dddh

08/28/2018 at 10:13:14.601  图形: C:\Users\wh0is\Desktop\test.dwg
-------------


致命错误:  Unhandled Access Violation Reading 0x0000 Exception at 1b3b90ach

08/28/2018 at 18:22:06.031  图形: C:\Users\wh0is\Desktop\用于测试.dwg
-------------


致命错误:  Unhandled Access Violation Reading 0x0000 Exception at 7047cach

08/28/2018 at 18:22:46.783  图形: C:\Users\wh0is\Desktop\用于测试.dwg
-------------


致命错误:  Unhandled Access Violation Reading 0x0000 Exception at 118090ach

08/28/2018 at 18:23:31.415  图形: C:\Users\wh0is\Desktop\用于测试.dwg
-------------


致命错误:  Unhandled Access Violation Reading 0x0000 Exception at b1c7cach

08/28/2018 at 18:23:56.238  图形: C:\Users\wh0is\Desktop\用于测试.dwg
-------------


致命错误:  Unhandled Access Violation Reading 0x0000 Exception at 121890ach

08/28/2018 at 18:25:28.430  图形: C:\Users\wh0is\Desktop\用于测试.dwg
-------------


致命错误:  Unhandled Access Violation Reading 0x0000 Exception at 11e59454h

08/28/2018 at 18:27:39.383  图形: C:\Users\wh0is\Desktop\用于测试.dwg
-------------


致命错误:  Unhandled Access Violation Reading 0x0000 Exception at 72e7d4dh

08/28/2018 at 18:34:43.326  图形: C:\Users\wh0is\Desktop\用于测试.dwg
-------------


致命错误:  Unhandled Access Violation Reading 0x0000 Exception at d8e7d4dh

08/28/2018 at 18:49:30.156  图形: C:\Users\wh0is\Desktop\用于测试.dwg
-------------


致命错误:  Unhandled Access Violation Reading 0x0000 Exception at d617dbdh

08/28/2018 at 18:51:13.635  图形: C:\Users\wh0is\Desktop\用于测试.dwg
-------------


致命错误:  Unhandled Access Violation Reading 0x0000 Exception at b1f7d4dh

08/28/2018 at 18:53:02.304  图形: C:\Users\wh0is\Desktop\test.dwg
-------------


致命错误:  Unhandled Access Violation Reading 0x0000 Exception at ed37d4dh

08/28/2018 at 18:53:46.472  图形: C:\Users\wh0is\Desktop\用于测试.dwg
-------------


致命错误:  Unhandled Access Violation Reading 0x0000 Exception at d847dbdh

08/28/2018 at 18:54:04.097  图形: C:\Users\wh0is\Desktop\用于测试.dwg
-------------


致命错误:  Unhandled Access Violation Reading 0x0000 Exception at 13ee7d4dh

08/29/2018 at 09:35:56.998  图形: C:\Users\wh0is\Desktop\用于测试.dwg
-------------


致命错误:  Unhandled Access Violation Reading 0x0000 Exception at e447d5dh

08/29/2018 at 09:38:44.097  图形: C:\Users\wh0is\Desktop\用于测试.dwg
-------------


致命错误:  Unhandled Access Violation Reading 0x0000 Exception at cf47cb4h

08/29/2018 at 09:39:23.164  图形: C:\Users\wh0is\Desktop\用于测试.dwg
-------------


致命错误:  Unhandled Access Violation Reading 0x0000 Exception at 5be7cb4h

08/29/2018 at 09:39:45.888  图形: C:\Users\wh0is\Desktop\用于测试.dwg
-------------


致命错误:  Unhandled Access Violation Reading 0x0000 Exception at e4a7d5dh

08/29/2018 at 09:40:15.529  图形: C:\Users\wh0is\Desktop\用于测试.dwg
-------------


致命错误:  Unhandled Access Violation Reading 0x0000 Exception at bc97cb4h

08/29/2018 at 09:42:55.867  图形: C:\Users\wh0is\Desktop\用于测试.dwg
-------------


致命错误:  Unhandled Access Violation Reading 0x0000 Exception at f5d7ecdh

08/29/2018 at 09:48:16.897  图形: C:\Users\wh0is\Desktop\用于测试.dwg
-------------


致命错误:  Unhandled Access Violation Reading 0x0000 Exception at 129c920ch

08/29/2018 at 09:48:39.273  图形: C:\Users\wh0is\Desktop\用于测试.dwg
-------------


致命错误:  Unhandled Access Violation Reading 0x0000 Exception at 5ed7e9ch

08/29/2018 at 09:49:33.006  图形: C:\Users\wh0is\Desktop\用于测试.dwg
-------------


致命错误:  Unhandled Access Violation Reading 0x0000 Exception at e5a7f7dh

08/29/2018 at 09:51:40.491  图形: C:\Users\wh0is\Desktop\用于测试.dwg
-------------


致命错误:  Unhandled Access Violation Reading 0x0000 Exception at 139092ech

08/29/2018 at 09:52:01.645  图形: C:\Users\wh0is\Desktop\用于测试.dwg
-------------


致命错误:  Unhandled Access Violation Reading 0x0000 Exception at f798165h

08/29/2018 at 09:59:16.531  图形: C:\Users\wh0is\Desktop\用于测试.dwg
-------------


致命错误:  Unhandled Access Violation Reading 0x0000 Exception at 134894cch

08/29/2018 at 10:10:45.020  图形: C:\Users\wh0is\Desktop\用于测试.dwg
-------------


致命错误:  Unhandled Access Violation Reading 0x0000 Exception at 12d69674h

08/29/2018 at 10:24:25.353  图形: C:\Users\wh0is\Desktop\用于测试.dwg
-------------


致命错误:  Unhandled Access Violation Reading 0x0000 Exception at e73814dh

08/29/2018 at 10:33:51.375  图形: C:\Users\wh0is\Desktop\用于测试.dwg
-------------


致命错误:  Unhandled Access Violation Reading 0x0000 Exception at 1bd094cch

08/29/2018 at 10:35:24.807  图形: C:\Users\wh0is\Desktop\用于测试.dwg
-------------


致命错误:  Unhandled Access Violation Reading 0x0000 Exception at 1314961ch

08/29/2018 at 10:37:50.379  图形: C:\Users\wh0is\Desktop\用于测试.dwg
-------------


致命错误:  Unhandled Access Violation Reading 0x0000 Exception at 136594cch

08/29/2018 at 10:38:57.426  图形: C:\Users\wh0is\Desktop\用于测试.dwg
-------------


致命错误:  Unhandled Access Violation Reading 0x0000 Exception at 1ac09624h

08/29/2018 at 17:37:21.260  图形: C:\Users\wh0is\Desktop\用于测试.dwg
-------------


致命错误:  Unhandled Access Violation Reading 0x0000 Exception at 72d80cch

08/29/2018 at 17:38:57.607  图形: C:\Users\wh0is\Desktop\用于测试.dwg
-------------


致命错误:  Unhandled Access Violation Reading 0x0000 Exception at 12a1a074h

08/29/2018 at 17:48:35.894  图形: C:\Users\wh0is\Desktop\用于测试.dwg
-------------


致命错误:  Unhandled Access Violation Reading 0x0000 Exception at 11a98b15h

08/29/2018 at 17:58:06.591  图形: C:\Users\wh0is\Desktop\用于测试.dwg
-------------


致命错误:  Unhandled Access Violation Reading 0x0000 Exception at 1209a41ch

08/29/2018 at 17:59:04.508  图形: C:\Users\wh0is\Desktop\用于测试.dwg
-------------


致命错误:  Unhandled Access Violation Reading 0x0000 Exception at f2b8c55h

08/29/2018 at 17:59:45.008  图形: C:\Users\wh0is\Desktop\用于测试.dwg
-------------


致命错误:  Unhandled Access Violation Reading 0x0000 Exception at e0e8b05h

08/29/2018 at 18:00:39.906  图形: C:\Users\wh0is\Desktop\用于测试.dwg
-------------


致命错误:  Unhandled Access Violation Reading 0x0000 Exception at 13559ec4h

08/29/2018 at 18:01:52.471  图形: C:\Users\wh0is\Desktop\用于测试.dwg
-------------


致命错误:  Unhandled Access Violation Reading 0x0000 Exception at ce78c54h

08/29/2018 at 19:38:56.519  图形: C:\Users\wh0is\Desktop\用于测试.dwg
-------------


致命错误:  Unhandled Access Violation Reading 0xffff13a1 Exception at 1404d20h

08/29/2018 at 20:56:55.608  图形: C:\Users\wh0is\Desktop\用于测试.dwg
-------------


致命错误:  Unhandled Access Violation Reading 0x0000 Exception at 16bf98d0h

08/30/2018 at 11:50:14.359  图形: Drawing1.dwg
-------------


致命错误:  Unhandled Access Violation Reading 0x0000 Exception at 1c139730h

08/30/2018 at 11:51:28.384  图形: C:\Users\Administrator\Desktop\测试坡道.dwg
-------------


致命错误:  Unhandled Access Violation Reading 0x0000 Exception at 16639730h

08/30/2018 at 12:22:19.778  图形: C:\Users\Administrator\Desktop\测试坡道.dwg
-------------
